2023-07-05 21:18:45 error: In-valid User ID.
2023-07-05 21:20:24 error: In-valid User ID.
2023-07-06 05:56:34 error: @Method:(get) @Endpoint:(/confrimEmail/:token) @FunName:(confrimEmail) - Your Token is Expired
2023-07-06 05:57:59 error: @Method:(get) @Endpoint:(/confrimEmail/:token) @FunName:(confrimEmail) - JsonWebTokenError: jwt malformed
2023-07-06 06:09:28 error: @Method:(get) @Endpoint:(/confrimEmail/:token) @FunName:(confrimEmail) - JsonWebTokenError: jwt malformed
2023-07-06 06:09:39 error: @Method:(get) @Endpoint:(/resendConfrimEmail/:userId) @FunName:(resendConfrimEmail) - You already confirmed Please proceed to login Page.
2023-07-06 06:12:28 error: @Method:(get) @Endpoint:(/resendConfrimEmail/:userId) @FunName:(resendConfrimEmail) - You already confirmed Please proceed to login Page.
2023-07-06 06:13:52 error: @Method:(get) @Endpoint:(/resendConfrimEmail/:userId) @FunName:(resendConfrimEmail) - This User id: (64a62da92fda6d2ce277b1f1) You already confirmed Please proceed to login Page.
2023-07-06 14:49:10 error: This User id: (64a6a9be5612519357f1657a) email: (ahmedgomaa8998@gmail.com) an error occurred While a Sign up confirmation email was being sent.
2023-07-06 14:54:04 error: @Method:(get) @Endpoint:(/resendConfrimEmail/:userId) @FunName:(resendConfrimEmail) - This User id: (64a6aa9610c4c579bce0282c) You already confirmed Please proceed to login Page.
2023-07-06 15:02:51 error: @Method:(post) @Endpoint:(/login) @FunName:(Login) - Please confrim your Email first.
2023-07-06 15:06:40 error: @Method:(post) @Endpoint:(/login) @FunName:(Login) - Please confrim your Email first.
2023-07-06 15:06:55 error: @Method:(post) @Endpoint:(/login) @FunName:(Login) - Error Occurred While This User Try to LogIn email:(ahmedgomaa8998@gmail.com) Error: Illegal arguments: string, undefined. 
2023-07-06 15:09:13 error: @Method:(post) @Endpoint:(/login) @FunName:(Login) - Error Occurred While This User Try to LogIn email:(ahmedgomaa8998@gmail.com) Error: Illegal arguments: string, undefined. 
2023-07-06 15:10:18 error: @Method:(post) @Endpoint:(/login) @FunName:(Login) - Error Occurred While This User Try to LogIn email:(ahmedgomaa8998@gmail.com) Error: Illegal arguments: string, undefined. 
2023-07-06 15:19:12 error: @Method:(post) @Endpoint:(/login) @FunName:(Login) - User Login Successfully.
2023-07-06 15:23:00 error: @Method:(post) @Endpoint:(/login) @FunName:(Login) - You are Already Login.
2023-07-06 15:23:11 error: @Method:(post) @Endpoint:(/login) @FunName:(Login) - User Login Successfully.
2023-07-06 15:24:38 error: @Method:(post) @Endpoint:(/login) @FunName:(Login) - User Login Successfully.
2023-07-06 15:28:56 error: @Method:(post) @Endpoint:(/login) @FunName:(Login) - In-vaild Email OR Password.
2023-07-06 15:30:47 error: @Method:(post) @Endpoint:(/login) @FunName:(Login) - User Login Successfully.
2023-07-06 15:32:12 error: @Method:(post) @Endpoint:(/login) @FunName:(Login) - You are Already Login.
2023-07-09 11:40:58 error: This User id: (undefined) email: (ahmedgomaa8998@gmail.com) an error occurred While a Sign up confirmation email was being sent.
2023-07-09 12:07:06 error: This User id: (64aa7842a97ef82671d2267d) email: (ahmedgomaa8998@gmail.com) an error occurred While a Sign up confirmation email was being sent.
2023-07-09 12:11:51 error: This User id: (64aa7842a97ef82671d2267d) email: (ahmedgomaa8998@gmail.com) an error occurred While a Sign up confirmation email was being sent.
2023-07-09 12:17:23 error: This User id: (64aa7842a97ef82671d2267d) email: (ahmedgomaa8998@gmail.com) an error occurred While a Sign up confirmation email was being sent.
2023-07-09 12:22:10 error: This User id: (64aa7842a97ef82671d2267d) email: (ahmedgomaa8998@gmail.com) an error occurred While a Sign up confirmation email was being sent.
2023-07-09 12:28:56 error: This User id: (64aa7842a97ef82671d2267d) email: (ahmedgomaa8998@gmail.com) an error occurred While a Sign up confirmation email was being sent.
2023-07-09 13:25:13 error: @Method:(post) @Endpoint:(/passwordReset) @FunName:(resetPasswordController) - This User id: (64aa7842a97ef82671d2267d) Invalid or expired password reset token.
2023-07-09 13:28:03 error: @Method:(post) @Endpoint:(/passwordReset) @FunName:(resetPasswordController) - This User id: (64aa7842a97ef82671d2267d) Invalid or expired password reset token.
2023-07-09 13:32:09 error: @Method:(post) @Endpoint:(/login) @FunName:(Login) - You are Already Login.
2023-07-09 13:44:01 error: @Method:(post) @Endpoint:(/login) @FunName:(Login) - In-valid Email Or Password.
2023-07-09 16:13:33 error: error: Error: getaddrinfo EAI_AGAIN www.googleapis.com 
error stack: InternalOAuthError: Failed to obtain access token
    at Strategy.OAuth2Strategy._createOAuthError (/home/ahmed/Fixed/Projects/AuthService/Auth-LogingModule/node_modules/passport-oauth2/lib/strategy.js:423:17)
    at /home/ahmed/Fixed/Projects/AuthService/Auth-LogingModule/node_modules/passport-oauth2/lib/strategy.js:177:45
    at /home/ahmed/Fixed/Projects/AuthService/Auth-LogingModule/node_modules/oauth/lib/oauth2.js:191:18
    at ClientRequest.<anonymous> (/home/ahmed/Fixed/Projects/AuthService/Auth-LogingModule/node_modules/oauth/lib/oauth2.js:162:5)
    at ClientRequest.emit (node:events:513:28)
    at ClientRequest.emit (node:domain:489:12)
    at TLSSocket.socketErrorListener (node:_http_client:502:9)
    at TLSSocket.emit (node:events:513:28)
    at TLSSocket.emit (node:domain:489:12)
    at emitErrorNT (node:internal/streams/destroy:151:8)
2023-07-09 16:17:07 error: error: Error: read ECONNRESET 
error stack: InternalOAuthError: Failed to obtain access token
    at Strategy.OAuth2Strategy._createOAuthError (/home/ahmed/Fixed/Projects/AuthService/Auth-LogingModule/node_modules/passport-oauth2/lib/strategy.js:423:17)
    at /home/ahmed/Fixed/Projects/AuthService/Auth-LogingModule/node_modules/passport-oauth2/lib/strategy.js:177:45
    at /home/ahmed/Fixed/Projects/AuthService/Auth-LogingModule/node_modules/oauth/lib/oauth2.js:191:18
    at ClientRequest.<anonymous> (/home/ahmed/Fixed/Projects/AuthService/Auth-LogingModule/node_modules/oauth/lib/oauth2.js:162:5)
    at ClientRequest.emit (node:events:513:28)
    at ClientRequest.emit (node:domain:489:12)
    at TLSSocket.socketErrorListener (node:_http_client:502:9)
    at TLSSocket.emit (node:events:513:28)
    at TLSSocket.emit (node:domain:489:12)
    at emitErrorNT (node:internal/streams/destroy:151:8)
2023-07-09 16:17:42 error: error: Error: read ECONNRESET 
error stack: InternalOAuthError: Failed to fetch user profile
    at /home/ahmed/Fixed/Projects/AuthService/Auth-LogingModule/node_modules/passport-google-oauth20/lib/strategy.js:99:19
    at ClientRequest.<anonymous> (/home/ahmed/Fixed/Projects/AuthService/Auth-LogingModule/node_modules/oauth/lib/oauth2.js:162:5)
    at ClientRequest.emit (node:events:513:28)
    at ClientRequest.emit (node:domain:489:12)
    at TLSSocket.socketErrorListener (node:_http_client:502:9)
    at TLSSocket.emit (node:events:513:28)
    at TLSSocket.emit (node:domain:489:12)
    at emitErrorNT (node:internal/streams/destroy:151:8)
    at emitErrorCloseNT (node:internal/streams/destroy:116:3)
    at processTicksAndRejections (node:internal/process/task_queues:82:21)
2023-07-10 16:16:47 error: @Method:(post) @Endpoint:(/login) @FunName:(Login) - Please confrim your Email first.
2023-07-10 16:52:38 error: @Method:(post) @Endpoint:(/login) @FunName:(Login) - In-valid Email Or Password.
2023-07-10 16:53:43 error: @Method:(post) @Endpoint:(/login) @FunName:(Login) - Please confrim your Email first.
2023-07-10 16:54:26 error: @Method:(get) @Endpoint:(/confrimEmail/:token) @FunName:(confrimEmail) - TypeError: Cannot read properties of undefined (reading '_id')
2023-07-10 16:54:46 error: @Method:(post) @Endpoint:(/login) @FunName:(Login) - In-valid Email Or Password.
2023-07-10 16:58:46 error: @Method:(post) @Endpoint:(/login) @FunName:(Login) - In-valid Email Or Password.
2023-07-10 17:00:38 error: @Method:(post) @Endpoint:(/login) @FunName:(Login) - In-valid Email Or Password.
2023-07-11 11:02:02 error: error: ValidationError: firstName: Path `firstName` is required., lastName: Path `lastName` is required. 
error stack: ValidationError: user validation failed: firstName: Path `firstName` is required., lastName: Path `lastName` is required.
    at model.Document.invalidate (/home/ahmed/Fixed/Projects/AuthService/Auth-LogingModule/node_modules/mongoose/lib/document.js:3147:32)
    at /home/ahmed/Fixed/Projects/AuthService/Auth-LogingModule/node_modules/mongoose/lib/document.js:2940:17
    at /home/ahmed/Fixed/Projects/AuthService/Auth-LogingModule/node_modules/mongoose/lib/schematype.js:1352:9
    at processTicksAndRejections (node:internal/process/task_queues:77:11)
2023-07-11 18:31:45 error: @Method:(post) @Endpoint:(/login) @FunName:(Login) - In-valid Email Or Password.
2023-07-11 18:31:48 error: @Method:(post) @Endpoint:(/login) @FunName:(Login) - In-valid Email Or Password.
2023-07-11 18:31:50 error: @Method:(post) @Endpoint:(/login) @FunName:(Login) - In-valid Email Or Password.
2023-07-11 18:31:58 error: @Method:(post) @Endpoint:(/login) @FunName:(Login) - In-valid Email Or Password.
2023-07-11 18:31:59 error: @Method:(post) @Endpoint:(/login) @FunName:(Login) - In-valid Email Or Password.
2023-07-11 18:31:59 error: @Method:(post) @Endpoint:(/login) @FunName:(Login) - In-valid Email Or Password.
2023-07-11 18:32:33 error: @Method:(post) @Endpoint:(/login) @FunName:(Login) - Error Occurred While This User Try to LogIn email:(ahmedgomaa8998@gmail.com) Error: user validation failed: unlockLoginTime: Cast to date failed for value "16890895539491 * 60 * 60 * 1000" (type string) at path "unlockLoginTime". 
2023-07-11 18:34:37 error: @Method:(post) @Endpoint:(/login) @FunName:(Login) - In-valid Email Or Password.
2023-07-11 18:34:39 error: @Method:(post) @Endpoint:(/login) @FunName:(Login) - In-valid Email Or Password.
2023-07-11 18:34:40 error: @Method:(post) @Endpoint:(/login) @FunName:(Login) - In-valid Email Or Password.
2023-07-11 18:34:41 error: @Method:(post) @Endpoint:(/login) @FunName:(Login) - In-valid Email Or Password.
2023-07-11 18:34:42 error: @Method:(post) @Endpoint:(/login) @FunName:(Login) - In-valid Email Or Password.
2023-07-11 18:34:43 error: @Method:(post) @Endpoint:(/login) @FunName:(Login) - In-valid Email Or Password.
2023-07-11 18:37:31 error: @Method:(post) @Endpoint:(/login) @FunName:(Login) - Too many failed login attempts. Please try again after 59 minutes.
2023-07-11 18:38:26 error: @Method:(post) @Endpoint:(/login) @FunName:(Login) - In-valid Email Or Password.
2023-07-11 18:38:27 error: @Method:(post) @Endpoint:(/login) @FunName:(Login) - In-valid Email Or Password.
2023-07-11 18:38:28 error: @Method:(post) @Endpoint:(/login) @FunName:(Login) - Too many failed login attempts. Please try again after 59 minutes.
2023-07-11 18:41:15 error: @Method:(post) @Endpoint:(/login) @FunName:(Login) - In-valid Email Or Password.
2023-07-11 18:41:16 error: @Method:(post) @Endpoint:(/login) @FunName:(Login) - In-valid Email Or Password.
2023-07-11 18:41:17 error: @Method:(post) @Endpoint:(/login) @FunName:(Login) - Too many failed login attempts. Please try again after 0 minutes.
2023-07-11 18:41:30 error: @Method:(post) @Endpoint:(/login) @FunName:(Login) - In-valid Email Or Password.
2023-07-12 14:40:22 error: @Method:(get) @Endpoint:(/user/:id) @FunName:(findUser) @userId(64ac0d61a91496fc5eeaf467) - Cast to ObjectId failed for value "64ac2c9e9d3876a6df22a145d" (type string) at path "_id" for model "user"
2023-07-12 14:43:28 error: @Method:(get) @Endpoint:(/user/:id) @FunName:(findUser) @userId(64ac0d61a91496fc5eeaf467) - Oops..This User Not Exist.
2023-07-12 15:17:39 error: @Method:(patch) @Endpoint:(/user/:id) @FunName:(updateUser) @userId(64ac0d61a91496fc5eeaf467) - Cast to ObjectId failed for value "64ac2c9e9d3876a6df22a14s" (type string) at path "_id" for model "user"
2023-07-12 15:17:52 error: @Method:(patch) @Endpoint:(/user/:id) @FunName:(updateUser) @userId(64ac0d61a91496fc5eeaf467) - Oops..This User Not Exist So Can not Updated.
2023-07-13 15:55:24 error: error: Error: getaddrinfo EAI_AGAIN graph.facebook.com 
error stack: InternalOAuthError: Failed to obtain access token
    at Strategy.OAuth2Strategy._createOAuthError (/media/beshoy/896fcdf4-a24a-47c6-83ba-50bdaa65e6d5/work/Gomaa Repo/node_modules/passport-oauth2/lib/strategy.js:423:17)
    at /media/beshoy/896fcdf4-a24a-47c6-83ba-50bdaa65e6d5/work/Gomaa Repo/node_modules/passport-oauth2/lib/strategy.js:177:45
    at /media/beshoy/896fcdf4-a24a-47c6-83ba-50bdaa65e6d5/work/Gomaa Repo/node_modules/oauth/lib/oauth2.js:191:18
    at ClientRequest.<anonymous> (/media/beshoy/896fcdf4-a24a-47c6-83ba-50bdaa65e6d5/work/Gomaa Repo/node_modules/oauth/lib/oauth2.js:162:5)
    at ClientRequest.emit (node:events:513:28)
    at ClientRequest.emit (node:domain:489:12)
    at TLSSocket.socketErrorListener (node:_http_client:502:9)
    at TLSSocket.emit (node:events:513:28)
    at TLSSocket.emit (node:domain:489:12)
    at emitErrorNT (node:internal/streams/destroy:151:8)
2023-07-13 16:21:16 error: error: Error: Client network socket disconnected before secure TLS connection was established 
error stack: InternalOAuthError: Failed to fetch user profile
    at /media/beshoy/896fcdf4-a24a-47c6-83ba-50bdaa65e6d5/work/Gomaa Repo/node_modules/passport-facebook/lib/strategy.js:169:19
    at ClientRequest.<anonymous> (/media/beshoy/896fcdf4-a24a-47c6-83ba-50bdaa65e6d5/work/Gomaa Repo/node_modules/oauth/lib/oauth2.js:162:5)
    at ClientRequest.emit (node:events:513:28)
    at ClientRequest.emit (node:domain:489:12)
    at TLSSocket.socketErrorListener (node:_http_client:502:9)
    at TLSSocket.emit (node:events:513:28)
    at TLSSocket.emit (node:domain:489:12)
    at emitErrorNT (node:internal/streams/destroy:151:8)
    at emitErrorCloseNT (node:internal/streams/destroy:116:3)
    at processTicksAndRejections (node:internal/process/task_queues:82:21)
2023-07-13 16:21:51 error: error: FacebookTokenError: This authorization code has expired. 
error stack: FacebookTokenError: This authorization code has expired.
    at Strategy.parseErrorResponse (/media/beshoy/896fcdf4-a24a-47c6-83ba-50bdaa65e6d5/work/Gomaa Repo/node_modules/passport-facebook/lib/strategy.js:198:12)
    at Strategy.OAuth2Strategy._createOAuthError (/media/beshoy/896fcdf4-a24a-47c6-83ba-50bdaa65e6d5/work/Gomaa Repo/node_modules/passport-oauth2/lib/strategy.js:420:16)
    at /media/beshoy/896fcdf4-a24a-47c6-83ba-50bdaa65e6d5/work/Gomaa Repo/node_modules/passport-oauth2/lib/strategy.js:177:45
    at /media/beshoy/896fcdf4-a24a-47c6-83ba-50bdaa65e6d5/work/Gomaa Repo/node_modules/oauth/lib/oauth2.js:191:18
    at passBackControl (/media/beshoy/896fcdf4-a24a-47c6-83ba-50bdaa65e6d5/work/Gomaa Repo/node_modules/oauth/lib/oauth2.js:132:9)
    at IncomingMessage.<anonymous> (/media/beshoy/896fcdf4-a24a-47c6-83ba-50bdaa65e6d5/work/Gomaa Repo/node_modules/oauth/lib/oauth2.js:157:7)
    at IncomingMessage.emit (node:events:525:35)
    at IncomingMessage.emit (node:domain:489:12)
    at endReadableNT (node:internal/streams/readable:1359:12)
    at processTicksAndRejections (node:internal/process/task_queues:82:21)
2023-07-16 10:53:15 error: error: Error: invalid Credentials 
error stack: Error: invalid Credentials
2023-07-16 10:53:46 error: error: Error: Error: Request failed with status code 401 
error stack: Error: Error: Request failed with status code 401
2023-07-16 11:09:38 error: error: Error: Error: Request failed with status code 401 
error stack: Error: Error: Request failed with status code 401
2023-07-16 11:09:56 error: error: Error: Error: Request failed with status code 401 
error stack: Error: Error: Request failed with status code 401
2023-07-16 11:10:36 error: error: Error: Request failed with status code 401 
error stack: Error: Request failed with status code 401
    at createError (/media/beshoy/896fcdf4-a24a-47c6-83ba-50bdaa65e6d5/work/Gomaa Repo/node_modules/axios/lib/core/createError.js:16:15)
    at settle (/media/beshoy/896fcdf4-a24a-47c6-83ba-50bdaa65e6d5/work/Gomaa Repo/node_modules/axios/lib/core/settle.js:17:12)
    at IncomingMessage.handleStreamEnd (/media/beshoy/896fcdf4-a24a-47c6-83ba-50bdaa65e6d5/work/Gomaa Repo/node_modules/axios/lib/adapters/http.js:322:11)
    at IncomingMessage.emit (node:events:525:35)
    at IncomingMessage.emit (node:domain:489:12)
    at endReadableNT (node:internal/streams/readable:1359:12)
    at processTicksAndRejections (node:internal/process/task_queues:82:21)
2023-07-16 11:12:25 error: error: Error: Request failed with status code 401 
error stack: Error: Request failed with status code 401
    at createError (/media/beshoy/896fcdf4-a24a-47c6-83ba-50bdaa65e6d5/work/Gomaa Repo/node_modules/axios/lib/core/createError.js:16:15)
    at settle (/media/beshoy/896fcdf4-a24a-47c6-83ba-50bdaa65e6d5/work/Gomaa Repo/node_modules/axios/lib/core/settle.js:17:12)
    at IncomingMessage.handleStreamEnd (/media/beshoy/896fcdf4-a24a-47c6-83ba-50bdaa65e6d5/work/Gomaa Repo/node_modules/axios/lib/adapters/http.js:322:11)
    at IncomingMessage.emit (node:events:525:35)
    at IncomingMessage.emit (node:domain:489:12)
    at endReadableNT (node:internal/streams/readable:1359:12)
    at processTicksAndRejections (node:internal/process/task_queues:82:21)
2023-07-16 11:12:28 error: error: Error: Request failed with status code 401 
error stack: Error: Request failed with status code 401
    at createError (/media/beshoy/896fcdf4-a24a-47c6-83ba-50bdaa65e6d5/work/Gomaa Repo/node_modules/axios/lib/core/createError.js:16:15)
    at settle (/media/beshoy/896fcdf4-a24a-47c6-83ba-50bdaa65e6d5/work/Gomaa Repo/node_modules/axios/lib/core/settle.js:17:12)
    at IncomingMessage.handleStreamEnd (/media/beshoy/896fcdf4-a24a-47c6-83ba-50bdaa65e6d5/work/Gomaa Repo/node_modules/axios/lib/adapters/http.js:322:11)
    at IncomingMessage.emit (node:events:525:35)
    at IncomingMessage.emit (node:domain:489:12)
    at endReadableNT (node:internal/streams/readable:1359:12)
    at processTicksAndRejections (node:internal/process/task_queues:82:21)
2023-07-16 11:14:07 error: error: Error: Request failed with status code 401 
error stack: Error: Request failed with status code 401
    at createError (/media/beshoy/896fcdf4-a24a-47c6-83ba-50bdaa65e6d5/work/Gomaa Repo/node_modules/axios/lib/core/createError.js:16:15)
    at settle (/media/beshoy/896fcdf4-a24a-47c6-83ba-50bdaa65e6d5/work/Gomaa Repo/node_modules/axios/lib/core/settle.js:17:12)
    at IncomingMessage.handleStreamEnd (/media/beshoy/896fcdf4-a24a-47c6-83ba-50bdaa65e6d5/work/Gomaa Repo/node_modules/axios/lib/adapters/http.js:322:11)
    at IncomingMessage.emit (node:events:525:35)
    at IncomingMessage.emit (node:domain:489:12)
    at endReadableNT (node:internal/streams/readable:1359:12)
    at processTicksAndRejections (node:internal/process/task_queues:82:21)
2023-07-16 11:14:35 error: error: Error: Request failed with status code 401 
error stack: Error: Request failed with status code 401
    at createError (/media/beshoy/896fcdf4-a24a-47c6-83ba-50bdaa65e6d5/work/Gomaa Repo/node_modules/axios/lib/core/createError.js:16:15)
    at settle (/media/beshoy/896fcdf4-a24a-47c6-83ba-50bdaa65e6d5/work/Gomaa Repo/node_modules/axios/lib/core/settle.js:17:12)
    at IncomingMessage.handleStreamEnd (/media/beshoy/896fcdf4-a24a-47c6-83ba-50bdaa65e6d5/work/Gomaa Repo/node_modules/axios/lib/adapters/http.js:322:11)
    at IncomingMessage.emit (node:events:525:35)
    at IncomingMessage.emit (node:domain:489:12)
    at endReadableNT (node:internal/streams/readable:1359:12)
    at processTicksAndRejections (node:internal/process/task_queues:82:21)
2023-07-16 11:14:54 error: error: Error: Request failed with status code 401 
error stack: Error: Request failed with status code 401
    at createError (/media/beshoy/896fcdf4-a24a-47c6-83ba-50bdaa65e6d5/work/Gomaa Repo/node_modules/axios/lib/core/createError.js:16:15)
    at settle (/media/beshoy/896fcdf4-a24a-47c6-83ba-50bdaa65e6d5/work/Gomaa Repo/node_modules/axios/lib/core/settle.js:17:12)
    at IncomingMessage.handleStreamEnd (/media/beshoy/896fcdf4-a24a-47c6-83ba-50bdaa65e6d5/work/Gomaa Repo/node_modules/axios/lib/adapters/http.js:322:11)
    at IncomingMessage.emit (node:events:525:35)
    at IncomingMessage.emit (node:domain:489:12)
    at endReadableNT (node:internal/streams/readable:1359:12)
    at processTicksAndRejections (node:internal/process/task_queues:82:21)
2023-07-16 11:15:05 error: error: Error: Request failed with status code 401 
error stack: Error: Request failed with status code 401
    at createError (/media/beshoy/896fcdf4-a24a-47c6-83ba-50bdaa65e6d5/work/Gomaa Repo/node_modules/axios/lib/core/createError.js:16:15)
    at settle (/media/beshoy/896fcdf4-a24a-47c6-83ba-50bdaa65e6d5/work/Gomaa Repo/node_modules/axios/lib/core/settle.js:17:12)
    at IncomingMessage.handleStreamEnd (/media/beshoy/896fcdf4-a24a-47c6-83ba-50bdaa65e6d5/work/Gomaa Repo/node_modules/axios/lib/adapters/http.js:322:11)
    at IncomingMessage.emit (node:events:525:35)
    at IncomingMessage.emit (node:domain:489:12)
    at endReadableNT (node:internal/streams/readable:1359:12)
    at processTicksAndRejections (node:internal/process/task_queues:82:21)
2023-07-16 11:15:52 error: error: Error: Request failed with status code 401 
error stack: Error: Request failed with status code 401
    at createError (/media/beshoy/896fcdf4-a24a-47c6-83ba-50bdaa65e6d5/work/Gomaa Repo/node_modules/axios/lib/core/createError.js:16:15)
    at settle (/media/beshoy/896fcdf4-a24a-47c6-83ba-50bdaa65e6d5/work/Gomaa Repo/node_modules/axios/lib/core/settle.js:17:12)
    at IncomingMessage.handleStreamEnd (/media/beshoy/896fcdf4-a24a-47c6-83ba-50bdaa65e6d5/work/Gomaa Repo/node_modules/axios/lib/adapters/http.js:322:11)
    at IncomingMessage.emit (node:events:525:35)
    at IncomingMessage.emit (node:domain:489:12)
    at endReadableNT (node:internal/streams/readable:1359:12)
    at processTicksAndRejections (node:internal/process/task_queues:82:21)
2023-07-16 11:16:57 error: error: Error: Request failed with status code 401 
error stack: Error: Request failed with status code 401
    at createError (/media/beshoy/896fcdf4-a24a-47c6-83ba-50bdaa65e6d5/work/Gomaa Repo/node_modules/axios/lib/core/createError.js:16:15)
    at settle (/media/beshoy/896fcdf4-a24a-47c6-83ba-50bdaa65e6d5/work/Gomaa Repo/node_modules/axios/lib/core/settle.js:17:12)
    at IncomingMessage.handleStreamEnd (/media/beshoy/896fcdf4-a24a-47c6-83ba-50bdaa65e6d5/work/Gomaa Repo/node_modules/axios/lib/adapters/http.js:322:11)
    at IncomingMessage.emit (node:events:525:35)
    at IncomingMessage.emit (node:domain:489:12)
    at endReadableNT (node:internal/streams/readable:1359:12)
    at processTicksAndRejections (node:internal/process/task_queues:82:21)
2023-07-16 11:16:59 error: error: Error: Request failed with status code 401 
error stack: Error: Request failed with status code 401
    at createError (/media/beshoy/896fcdf4-a24a-47c6-83ba-50bdaa65e6d5/work/Gomaa Repo/node_modules/axios/lib/core/createError.js:16:15)
    at settle (/media/beshoy/896fcdf4-a24a-47c6-83ba-50bdaa65e6d5/work/Gomaa Repo/node_modules/axios/lib/core/settle.js:17:12)
    at IncomingMessage.handleStreamEnd (/media/beshoy/896fcdf4-a24a-47c6-83ba-50bdaa65e6d5/work/Gomaa Repo/node_modules/axios/lib/adapters/http.js:322:11)
    at IncomingMessage.emit (node:events:525:35)
    at IncomingMessage.emit (node:domain:489:12)
    at endReadableNT (node:internal/streams/readable:1359:12)
    at processTicksAndRejections (node:internal/process/task_queues:82:21)
2023-07-16 11:17:17 error: error: Error: Request failed with status code 401 
error stack: Error: Request failed with status code 401
    at createError (/media/beshoy/896fcdf4-a24a-47c6-83ba-50bdaa65e6d5/work/Gomaa Repo/node_modules/axios/lib/core/createError.js:16:15)
    at settle (/media/beshoy/896fcdf4-a24a-47c6-83ba-50bdaa65e6d5/work/Gomaa Repo/node_modules/axios/lib/core/settle.js:17:12)
    at IncomingMessage.handleStreamEnd (/media/beshoy/896fcdf4-a24a-47c6-83ba-50bdaa65e6d5/work/Gomaa Repo/node_modules/axios/lib/adapters/http.js:322:11)
    at IncomingMessage.emit (node:events:525:35)
    at IncomingMessage.emit (node:domain:489:12)
    at endReadableNT (node:internal/streams/readable:1359:12)
    at processTicksAndRejections (node:internal/process/task_queues:82:21)
2023-07-16 11:17:36 error: error: Error: Request failed with status code 401 
error stack: Error: Request failed with status code 401
    at createError (/media/beshoy/896fcdf4-a24a-47c6-83ba-50bdaa65e6d5/work/Gomaa Repo/node_modules/axios/lib/core/createError.js:16:15)
    at settle (/media/beshoy/896fcdf4-a24a-47c6-83ba-50bdaa65e6d5/work/Gomaa Repo/node_modules/axios/lib/core/settle.js:17:12)
    at IncomingMessage.handleStreamEnd (/media/beshoy/896fcdf4-a24a-47c6-83ba-50bdaa65e6d5/work/Gomaa Repo/node_modules/axios/lib/adapters/http.js:322:11)
    at IncomingMessage.emit (node:events:525:35)
    at IncomingMessage.emit (node:domain:489:12)
    at endReadableNT (node:internal/streams/readable:1359:12)
    at processTicksAndRejections (node:internal/process/task_queues:82:21)
2023-07-16 11:18:00 error: error: Error: Request failed with status code 403 
error stack: Error: Request failed with status code 403
    at createError (/media/beshoy/896fcdf4-a24a-47c6-83ba-50bdaa65e6d5/work/Gomaa Repo/node_modules/axios/lib/core/createError.js:16:15)
    at settle (/media/beshoy/896fcdf4-a24a-47c6-83ba-50bdaa65e6d5/work/Gomaa Repo/node_modules/axios/lib/core/settle.js:17:12)
    at IncomingMessage.handleStreamEnd (/media/beshoy/896fcdf4-a24a-47c6-83ba-50bdaa65e6d5/work/Gomaa Repo/node_modules/axios/lib/adapters/http.js:322:11)
    at IncomingMessage.emit (node:events:525:35)
    at IncomingMessage.emit (node:domain:489:12)
    at endReadableNT (node:internal/streams/readable:1359:12)
    at processTicksAndRejections (node:internal/process/task_queues:82:21)
2023-07-16 11:19:03 error: error: Error: Request failed with status code 401 
error stack: Error: Request failed with status code 401
    at createError (/media/beshoy/896fcdf4-a24a-47c6-83ba-50bdaa65e6d5/work/Gomaa Repo/node_modules/axios/lib/core/createError.js:16:15)
    at settle (/media/beshoy/896fcdf4-a24a-47c6-83ba-50bdaa65e6d5/work/Gomaa Repo/node_modules/axios/lib/core/settle.js:17:12)
    at IncomingMessage.handleStreamEnd (/media/beshoy/896fcdf4-a24a-47c6-83ba-50bdaa65e6d5/work/Gomaa Repo/node_modules/axios/lib/adapters/http.js:322:11)
    at IncomingMessage.emit (node:events:525:35)
    at IncomingMessage.emit (node:domain:489:12)
    at endReadableNT (node:internal/streams/readable:1359:12)
    at processTicksAndRejections (node:internal/process/task_queues:82:21)
2023-07-16 11:19:10 error: error: Error: Request failed with status code 403 
error stack: Error: Request failed with status code 403
    at createError (/media/beshoy/896fcdf4-a24a-47c6-83ba-50bdaa65e6d5/work/Gomaa Repo/node_modules/axios/lib/core/createError.js:16:15)
    at settle (/media/beshoy/896fcdf4-a24a-47c6-83ba-50bdaa65e6d5/work/Gomaa Repo/node_modules/axios/lib/core/settle.js:17:12)
    at IncomingMessage.handleStreamEnd (/media/beshoy/896fcdf4-a24a-47c6-83ba-50bdaa65e6d5/work/Gomaa Repo/node_modules/axios/lib/adapters/http.js:322:11)
    at IncomingMessage.emit (node:events:525:35)
    at IncomingMessage.emit (node:domain:489:12)
    at endReadableNT (node:internal/streams/readable:1359:12)
    at processTicksAndRejections (node:internal/process/task_queues:82:21)
2023-07-16 11:23:22 error: error: Error: Request failed with status code 400 
error stack: Error: Request failed with status code 400
    at createError (/media/beshoy/896fcdf4-a24a-47c6-83ba-50bdaa65e6d5/work/Gomaa Repo/node_modules/axios/lib/core/createError.js:16:15)
    at settle (/media/beshoy/896fcdf4-a24a-47c6-83ba-50bdaa65e6d5/work/Gomaa Repo/node_modules/axios/lib/core/settle.js:17:12)
    at IncomingMessage.handleStreamEnd (/media/beshoy/896fcdf4-a24a-47c6-83ba-50bdaa65e6d5/work/Gomaa Repo/node_modules/axios/lib/adapters/http.js:322:11)
    at IncomingMessage.emit (node:events:525:35)
    at IncomingMessage.emit (node:domain:489:12)
    at endReadableNT (node:internal/streams/readable:1359:12)
    at processTicksAndRejections (node:internal/process/task_queues:82:21)
2023-07-16 11:24:04 error: error: Error: Request failed with status code 400 
error stack: Error: Request failed with status code 400
    at createError (/media/beshoy/896fcdf4-a24a-47c6-83ba-50bdaa65e6d5/work/Gomaa Repo/node_modules/axios/lib/core/createError.js:16:15)
    at settle (/media/beshoy/896fcdf4-a24a-47c6-83ba-50bdaa65e6d5/work/Gomaa Repo/node_modules/axios/lib/core/settle.js:17:12)
    at IncomingMessage.handleStreamEnd (/media/beshoy/896fcdf4-a24a-47c6-83ba-50bdaa65e6d5/work/Gomaa Repo/node_modules/axios/lib/adapters/http.js:322:11)
    at IncomingMessage.emit (node:events:525:35)
    at IncomingMessage.emit (node:domain:489:12)
    at endReadableNT (node:internal/streams/readable:1359:12)
    at processTicksAndRejections (node:internal/process/task_queues:82:21)
2023-07-16 11:25:06 error: error: Error: Request failed with status code 400 
error stack: Error: Request failed with status code 400
    at createError (/media/beshoy/896fcdf4-a24a-47c6-83ba-50bdaa65e6d5/work/Gomaa Repo/node_modules/axios/lib/core/createError.js:16:15)
    at settle (/media/beshoy/896fcdf4-a24a-47c6-83ba-50bdaa65e6d5/work/Gomaa Repo/node_modules/axios/lib/core/settle.js:17:12)
    at IncomingMessage.handleStreamEnd (/media/beshoy/896fcdf4-a24a-47c6-83ba-50bdaa65e6d5/work/Gomaa Repo/node_modules/axios/lib/adapters/http.js:322:11)
    at IncomingMessage.emit (node:events:525:35)
    at IncomingMessage.emit (node:domain:489:12)
    at endReadableNT (node:internal/streams/readable:1359:12)
    at processTicksAndRejections (node:internal/process/task_queues:82:21)
2023-07-16 11:28:20 error: error: Error: Request failed with status code 409 
error stack: Error: Request failed with status code 409
    at createError (/media/beshoy/896fcdf4-a24a-47c6-83ba-50bdaa65e6d5/work/Gomaa Repo/node_modules/axios/lib/core/createError.js:16:15)
    at settle (/media/beshoy/896fcdf4-a24a-47c6-83ba-50bdaa65e6d5/work/Gomaa Repo/node_modules/axios/lib/core/settle.js:17:12)
    at IncomingMessage.handleStreamEnd (/media/beshoy/896fcdf4-a24a-47c6-83ba-50bdaa65e6d5/work/Gomaa Repo/node_modules/axios/lib/adapters/http.js:322:11)
    at IncomingMessage.emit (node:events:525:35)
    at IncomingMessage.emit (node:domain:489:12)
    at endReadableNT (node:internal/streams/readable:1359:12)
    at processTicksAndRejections (node:internal/process/task_queues:82:21)
2023-07-16 12:30:47 error: error: Error: invalid Credentials 
error stack: Error: invalid Credentials
2023-07-16 12:30:53 error: error: Error: invalid Credentials 
error stack: Error: invalid Credentials
2023-07-16 12:30:57 error: error: Error: invalid Credentials 
error stack: Error: invalid Credentials
2023-07-16 12:31:16 error: error: Error: invalid Credentials 
error stack: Error: invalid Credentials
2023-07-16 12:31:27 error: error: Error: invalid Credentials 
error stack: Error: invalid Credentials
2023-07-16 12:32:43 error: error: Error: invalid Credentials 
error stack: Error: invalid Credentials
2023-07-16 12:33:25 error: error: Error: invalid Credentials 
error stack: Error: invalid Credentials
2023-07-16 12:34:47 error: error: Error: invalid Credentials 
error stack: Error: invalid Credentials
2023-07-18 12:18:07 error: @Method:(post) @Endpoint:(/login) @FunctionName:(Login): Please confrim your Email first.
2023-07-18 12:29:25 error: @Method:(post) @Endpoint:(/login) @FunctionName:(Login): Error Occurred While This User Try to LogIn email:(ahmedgomaa8998@gmail.com) Error: Cannot read properties of undefined (reading 'isSuccess').
2023-07-18 13:43:07 error: @Method:(post) @Endpoint:(/login/keycloak) @FunctionName:(loginByKeycloak): error: Error: In-vaild Email OR Password.
2023-07-18 13:43:21 error: @Method:(post) @Endpoint:(/login/keycloak) @FunctionName:(loginByKeycloak): error: Error: In-vaild Email OR Password.
2023-07-18 13:43:29 error: @Method:(post) @Endpoint:(/login/keycloak) @FunctionName:(loginByKeycloak): error: Error: In-vaild Email OR Password.
2023-07-18 13:45:50 error: @Method:(post) @Endpoint:(/signup/keycloak) @FunctionName:(registerByKeycloak): error: Error: Request failed with status code 401
2023-07-18 14:03:42 error: @Method:(post) @Endpoint:(/signup/keycloak) @FunctionName:(registerByKeycloak): error: Error: Request failed with status code 401
2023-07-18 14:06:01 error: @Method:(post) @Endpoint:(/signup/keycloak) @FunctionName:(registerByKeycloak): error: Error: Request failed with status code 401
2023-07-18 14:11:27 error: @Method:(post) @Endpoint:(/signup/keycloak) @FunctionName:(registerByKeycloak): error: Error: Request failed with status code 404
2023-07-18 14:55:21 error: @Method:(post) @Endpoint:(/signup/keycloak) @FunctionName:(registerByKeycloak): error: Error: Request failed with status code 409
2023-07-18 14:59:17 error: @Method:(post) @Endpoint:(/signup/keycloak) @FunctionName:(registerByKeycloak): error: Error: Request failed with status code 409
2023-07-18 15:00:08 error: @Method:(post) @Endpoint:(/signup/keycloak) @FunctionName:(registerByKeycloak): error: Error: Request failed with status code 409
2023-07-18 15:04:50 error: @Method:(post) @Endpoint:(/signup/keycloak) @FunctionName:(registerByKeycloak): error: Error: Request failed with status code 401
2023-07-18 15:11:58 error: @Method:(post) @Endpoint:(/signup/keycloak) @FunctionName:(registerByKeycloak): error: Error: Request failed with status code 409
2023-07-18 15:16:07 error: @Method:(post) @Endpoint:(/signup/keycloak) @FunctionName:(registerByKeycloak): error: Error: Request failed with status code 409
2023-07-18 15:17:39 error: @Method:(post) @Endpoint:(/signup/keycloak) @FunctionName:(registerByKeycloak): error: Error: Request failed with status code 409
2023-07-18 15:18:02 error: @Method:(post) @Endpoint:(/signup/keycloak) @FunctionName:(registerByKeycloak): error: Error: Request failed with status code 409
2023-07-18 15:18:26 error: @Method:(post) @Endpoint:(/signup/keycloak) @FunctionName:(registerByKeycloak): error: Error: Request failed with status code 409
2023-07-18 15:18:46 error: @Method:(post) @Endpoint:(/signup/keycloak) @FunctionName:(registerByKeycloak): error: Error: Request failed with status code 409
2023-07-18 15:19:09 error: @Method:(post) @Endpoint:(/signup/keycloak) @FunctionName:(registerByKeycloak): error: Error: Request failed with status code 409
2023-07-18 15:19:26 error: @Method:(post) @Endpoint:(/signup/keycloak) @FunctionName:(registerByKeycloak): error: Error: Request failed with status code 409
2023-07-18 15:20:06 error: @Method:(post) @Endpoint:(/signup/keycloak) @FunctionName:(registerByKeycloak): error: Error: Request failed with status code 409
2023-07-18 15:34:39 error: @Method:(post) @Endpoint:(/signup/keycloak) @FunctionName:(registerByKeycloak): Oops..This email(ahmedgomaa8998@gmail.com) is already existing
2023-07-18 15:37:56 error: @Method:(post) @Endpoint:(/signup/keycloak) @FunctionName:(registerByKeycloak): Oops..This email(ahmedgomaa8998@gmail.com) is already existing
2023-07-18 15:38:20 error: @Method:(post) @Endpoint:(/signup/keycloak) @FunctionName:(registerByKeycloak): Oops..This email(undefined) is already existing
2023-07-18 15:40:47 error: @Method:(post) @Endpoint:(/signup/keycloak) @FunctionName:(registerByKeycloak): This email(ahmed@gmail.com) Tried To Sign up By Keycloak.
Error(Request failed with status code 500)
2023-07-18 15:55:29 error: @Method:(post) @Endpoint:(/signup/keycloak) @FunctionName:(registerByKeycloak): Oops..This email(ahmedgomaa8998@gmail.com) is already existing
2023-07-18 16:00:14 error: @Method:(post) @Endpoint:(/signup/keycloak) @FunctionName:(registerByKeycloak): Oops..This email(ahmedgomaa8998@gmail.com) is already existing
2023-07-18 16:09:26 error: @Method:(post) @Endpoint:(/PasswordReset/keycloak) @FunctionName:(resetPasswordByKeycloak): This email(undefined) Tried To Reset Password.
Error(Request failed with status code 400)
2023-07-18 16:09:27 error: @Method:(post) @Endpoint:(/PasswordReset/keycloak) @FunctionName:(resetPasswordByKeycloak): This email(undefined) Tried To Reset Password.
Error(Request failed with status code 400)
2023-07-18 16:09:48 error: @Method:(post) @Endpoint:(/PasswordReset/keycloak) @FunctionName:(resetPasswordByKeycloak): Oops..This email(ahmedgomaa8sd998@gmail.com) is not existing
2023-07-18 16:10:05 error: @Method:(post) @Endpoint:(/login/keycloak) @FunctionName:(loginByKeycloak): error: Error: In-vaild Email OR Password.
2023-07-18 16:10:32 error: @Method:(post) @Endpoint:(/login/keycloak) @FunctionName:(loginByKeycloak): error: Error: In-vaild Email OR Password.
2023-07-26 17:19:55 error: @Method:(get) @Endpoint:(/keycloak) @FunctionName:(loginByKeycloak): error: Error: In-vaild Email OR Password.
2023-07-30 16:25:51 error: @Method:(get) @Endpoint:(/resendConfirmEmail/:userId) @FunctionName:(resendConfirmEmail): This User id: (64ac0d61a91496fc5eeaf467) You already confirmed Please proceed to login Page.
2023-07-31 12:14:09 error: @Method:(get) @Endpoint:(/keycloak/callback) @FunctionName:(callbackKeycloakURL): Error Occurred While Authenticating using Keycloak, Error: invalid signature.
2023-07-31 12:15:37 error: @Method:(get) @Endpoint:(/keycloak/callback) @FunctionName:(callbackKeycloakURL): Error Occurred While Authenticating using Keycloak, Error: invalid signature.
2023-07-31 12:15:39 error: @Method:(get) @Endpoint:(/keycloak/callback) @FunctionName:(callbackKeycloakURL): Error Occurred While Authenticating using Keycloak, Error: invalid signature.
2023-07-31 14:17:22 error: @Method:(post) @Endpoint:(/login) @FunctionName:(Login): Please confirm your Email first.
2023-07-31 14:20:53 error: @Method:(post) @Endpoint:(/verifyUser) @FunctionName:(verifyUser): Occurred Error invalid token
2023-07-31 14:41:04 error: @Method:(post) @Endpoint:(/verifyUser) @FunctionName:(verifyUser): Occurred Error Cannot read properties of undefined (reading 'startsWith')
2023-07-31 14:43:13 error: @Method:(post) @Endpoint:(/verifyUser) @FunctionName:(verifyUser): Occurred Error Cannot read properties of undefined (reading 'startsWith')
2023-07-31 14:56:09 error: @Method:(post) @Endpoint:(/verifyUser) @FunctionName:(verifyUser): Occurred Error Unauthorized Access.
2023-07-31 14:58:34 error: @Method:(post) @Endpoint:(/verifyUser) @FunctionName:(verifyUser): Occurred Error Unauthorized Access.
2023-07-31 15:02:55 error: @Method:(post) @Endpoint:(/verifyUser) @FunctionName:(verifyUser): Occurred Error Unauthorized Access.
2023-07-31 15:03:55 error: @Method:(post) @Endpoint:(/verifyUser) @FunctionName:(verifyUser): Occurred Error Unauthorized Access.
2023-07-31 15:04:56 error: @Method:(post) @Endpoint:(/verifyUser) @FunctionName:(verifyUser): Occurred Error Unauthorized Access.
2023-07-31 15:05:38 error: @Method:(post) @Endpoint:(/verifyUser) @FunctionName:(verifyUser): Occurred Error Unauthorized Access.
2023-07-31 15:06:22 error: @Method:(post) @Endpoint:(/verifyUser) @FunctionName:(verifyUser): Occurred Error Unauthorized Access.
2023-07-31 15:08:39 error: @Method:(post) @Endpoint:(/verifyUser) @FunctionName:(verifyUser): Occurred Error Unauthorized Access.
2023-07-31 18:10:07 error: @Method:(get) @Endpoint:(/keycloak/callback) @FunctionName:(callbackKeycloakURL): Error Occurred While Authenticating using Keycloak, Error: invalid signature.
2023-07-31 18:10:53 error: @Method:(get) @Endpoint:(/keycloak/callback) @FunctionName:(callbackKeycloakURL): Error Occurred While Authenticating using Keycloak, Error: invalid signature.
2023-07-31 18:11:58 error: @Method:(get) @Endpoint:(/keycloak/callback) @FunctionName:(callbackKeycloakURL): Error Occurred While Authenticating using Keycloak, Error: invalid signature.
2023-07-31 18:13:36 error: @Method:(get) @Endpoint:(/keycloak/callback) @FunctionName:(callbackKeycloakURL): Error Occurred While Authenticating using Keycloak, Error: invalid signature.
2023-07-31 18:31:43 error: @Method:(post) @Endpoint:(/login) @FunctionName:(Login): In-valid Email Or Password.
2023-07-31 18:43:02 error: @Method:(post) @Endpoint:(/verifyUser) @FunctionName:(verifyUser): Occurred Error jwt malformed
2023-07-31 18:44:05 error: @Method:(post) @Endpoint:(/verifyUser) @FunctionName:(verifyUser): Occurred Error jwt malformed
2023-07-31 18:44:10 error: @Method:(post) @Endpoint:(/verifyUser) @FunctionName:(verifyUser): Occurred Error jwt malformed
2023-07-31 19:01:36 error: @Method:(post) @Endpoint:(/login) @FunctionName:(Login): Error Occurred While This User Try to LogIn email:(ahmedgomaa8998@gmail.com) Error: user validation failed: role: `uuu` is not a valid enum value for path `role`..
2023-08-02 16:10:38 error: @Method:(post) @Endpoint:(/login) @FunctionName:(Login): Please confirm your Email first.
2023-08-02 16:14:11 error: @Method:(post) @Endpoint:(/login) @FunctionName:(Login): In-valid Email Or Password.
2023-08-02 16:14:50 error: @Method:(post) @Endpoint:(/login) @FunctionName:(Login): In-valid Email Or Password.
2023-08-02 16:14:52 error: @Method:(post) @Endpoint:(/login) @FunctionName:(Login): Too many failed login attempts. Please try again after 59 minutes.
2023-08-02 16:15:04 error: @Method:(post) @Endpoint:(/login) @FunctionName:(Login): Too many failed login attempts. Please try again after 59 minutesss.
2023-08-03 14:00:19 error:  This User id: (64cb88b5c1fd1ecef7ddadc8) email: (ahmed@gmail.com) an error occurred While a Sign up confirmation email was being sent.
2023-08-07 11:40:32 error:  This User id: (64d0bc03f0457283a2b982bb) email: (ahmedreda@gmail.com) an error occurred While a Sign up confirmation email was being sent.
2023-08-07 11:50:14 error: @Method:(post) @Endpoint:(/login) @FunctionName:(Login): Error Occurred While This User Try to LogIn email:(ahmedreda@gmail.com) Error: user validation failed: role: `admin` is not a valid enum value for path `role`..
2023-08-07 12:13:14 error:  This User id: (64d0c3af29b7d0251cf0bd2c) email: (ahmedmedhat@gmail.com) an error occurred While a Sign up confirmation email was being sent.
2023-08-07 13:01:55 error:  This User id: (64d0cf1729b7d0251cf0bd30) email: (mahmoudfady@gmail.com) an error occurred While a Sign up confirmation email was being sent.
2023-08-07 13:02:26 error: @Method:(post) @Endpoint:(/login) @FunctionName:(Login): Please confirm your Email first.
2023-08-07 16:22:30 error:  This User id: (64d0fe1929b7d0251cf0bd43) email: (ahmedmedhat.reda@gmail.com) an error occurred While a Sign up confirmation email was being sent.
2023-08-07 16:38:06 error:  This User id: (64d101c37c5046cfd6ace8fc) email: (ahmedmedhat.reda@gmail.com) an error occurred While a Sign up confirmation email was being sent.
2023-08-07 16:40:11 error:  This User id: (64d10248afc91a448a4baaff) email: (ahmedmedhat.reda@gmail.com) an error occurred While a Sign up confirmation email was being sent.
2023-08-09 11:08:31 error:  This User id: (64d349755a5625ac316863e0) email: (ahmedgomaa8998@gmail.com) an error occurred While a Sign up confirmation email was being sent.
2023-08-09 13:07:26 error: @Method:(post) @Endpoint:(/login) @FunctionName:(Login): Error Occurred While This User Try to LogIn email:(ahmedgomaa8998@gmail.com) Error: Unsupported protocol localhost:.
2023-08-30 16:08:28 error:  This User id: (2) email: (AliAdmin2@gmail.com) an error occurred While a Sign up confirmation email was being sent.
2023-08-30 16:10:07 error:  This User id: (3) email: (aliahmedfathi37@gmail.com) an error occurred While a Sign up confirmation email was being sent.
2023-08-30 16:10:44 error:  This User id: (4) email: (montaser.hassan.fedis@gmail.com) an error occurred While a Sign up confirmation email was being sent.
2023-08-30 16:19:08 error:  This User id: (1) email: (montaser.hassan.fedis@gmail.com) an error occurred While a Sign up confirmation email was being sent.
2023-08-30 16:19:55 error:  This User id: (2) email: (aliahmedfathi37@gmail.com) an error occurred While a Sign up confirmation email was being sent.
2023-08-30 16:21:15 error:  This User id: (1) email: (aliahmedfathi37@gmail.com) an error occurred While a Sign up confirmation email was being sent.
2023-08-30 16:39:26 error: @Method:(post) @Endpoint:(/login) @FunctionName:(Login): Your account has blocked by Admin.
2023-08-30 16:40:56 error: @Method:(post) @Endpoint:(/login) @FunctionName:(Login): Your account has blocked by Admin.
2023-08-30 16:50:52 error: @Method:(post) @Endpoint:(/login) @FunctionName:(Login): Please confirm your Email first.
2023-08-30 16:50:58 error:  This User id: (1) email: (aliahmedfathi37@gmail.com) an error occurred While a Sign up confirmation email was being sent.
2023-08-30 16:51:42 error: @Method:(post) @Endpoint:(/login) @FunctionName:(Login): Please confirm your Email first.
2023-08-30 16:52:23 error: @Method:(post) @Endpoint:(/login) @FunctionName:(Login): Error Occurred While This User Try to LogIn email:(aliahmedfathi37@gmail.com) Error: user.save is not a function.
2023-08-30 16:52:28 error:  This User id: (1) email: (aliahmedfathi37@gmail.com) an error occurred While a Sign up confirmation email was being sent.
2023-08-30 16:54:32 error: @Method:(post) @Endpoint:(/login) @FunctionName:(Login): Error Occurred While This User Try to LogIn email:(aliahmedfathi37@gmail.com) Error: user.save is not a function.
2023-08-30 16:57:26 error: @Method:(post) @Endpoint:(/login) @FunctionName:(Login): Error Occurred While This User Try to LogIn email:(aliahmedfathi37@gmail.com) Error: user.save is not a function.
2023-08-30 16:57:28 error: @Method:(post) @Endpoint:(/login) @FunctionName:(Login): Error Occurred While This User Try to LogIn email:(aliahmedfathi37@gmail.com) Error: user.save is not a function.
2023-08-30 16:57:29 error: @Method:(post) @Endpoint:(/login) @FunctionName:(Login): Error Occurred While This User Try to LogIn email:(aliahmedfathi37@gmail.com) Error: user.save is not a function.
2023-08-30 16:58:07 error: @Method:(post) @Endpoint:(/login) @FunctionName:(Login): Error Occurred While This User Try to LogIn email:(aliahmedfathi37@gmail.com) Error: user.save is not a function.
2023-08-30 16:58:08 error: @Method:(post) @Endpoint:(/login) @FunctionName:(Login): Error Occurred While This User Try to LogIn email:(aliahmedfathi37@gmail.com) Error: user.save is not a function.
2023-08-30 16:59:04 error: @Method:(post) @Endpoint:(/login) @FunctionName:(Login): Error Occurred While This User Try to LogIn email:(aliahmedfathi37@gmail.com) Error: user.save is not a function.
2023-08-30 16:59:05 error: @Method:(post) @Endpoint:(/login) @FunctionName:(Login): Error Occurred While This User Try to LogIn email:(aliahmedfathi37@gmail.com) Error: user.save is not a function.
2023-08-30 16:59:35 error: @Method:(post) @Endpoint:(/login) @FunctionName:(Login): Error Occurred While This User Try to LogIn email:(aliahmedfathi37@gmail.com) Error: connect ECONNREFUSED 127.0.0.1:8080.
2023-08-30 17:00:46 error: @Method:(post) @Endpoint:(/login) @FunctionName:(Login): Error Occurred While This User Try to LogIn email:(aliahmedfathi37@gmail.com) Error: connect ECONNREFUSED 127.0.0.1:8080.
2023-08-30 17:00:49 error: @Method:(post) @Endpoint:(/login) @FunctionName:(Login): Error Occurred While This User Try to LogIn email:(aliahmedfathi37@gmail.com) Error: connect ECONNREFUSED 127.0.0.1:8080.
2023-08-30 17:00:50 error: @Method:(post) @Endpoint:(/login) @FunctionName:(Login): Error Occurred While This User Try to LogIn email:(aliahmedfathi37@gmail.com) Error: connect ECONNREFUSED 127.0.0.1:8080.
2023-08-30 17:04:24 error:  This User id: (2) email: (montaser.hassan@gmail.com) an error occurred While a Sign up confirmation email was being sent.
2023-08-30 17:53:34 error:  This User id: (3) email: (montaser.mohamed@gmail.com) an error occurred While a Sign up confirmation email was being sent.
2023-08-30 20:39:19 error:  This User id: (1) email: (montaser.mohamed@gmail.com) an error occurred While a Sign up confirmation email was being sent.
2023-08-30 20:43:29 error: @Method:(post) @Endpoint:(/login) @FunctionName:(Login): In-valid Email OR Password.
2023-08-30 20:43:57 error: @Method:(post) @Endpoint:(/login) @FunctionName:(Login): Error Occurred While This User Try to LogIn email:(montaser.mohamed@gmail.com) Error: connect ECONNREFUSED 127.0.0.1:8080.
2023-08-30 20:46:02 error: @Method:(post) @Endpoint:(/login) @FunctionName:(Login): Error Occurred While This User Try to LogIn email:(montaser.mohamed@gmail.com) Error: connect ECONNREFUSED 127.0.0.1:8080.
2023-08-30 20:46:23 error: @Method:(post) @Endpoint:(/login) @FunctionName:(Login): Error Occurred While This User Try to LogIn email:(montaser.mohamed@gmail.com) Error: connect ECONNREFUSED 127.0.0.1:8080.
2023-08-30 20:46:32 error: @Method:(post) @Endpoint:(/login) @FunctionName:(Login): Error Occurred While This User Try to LogIn email:(montaser.mohamed@gmail.com) Error: connect ECONNREFUSED 127.0.0.1:8080.
2023-08-30 20:47:13 error: @Method:(post) @Endpoint:(/login) @FunctionName:(Login): Error Occurred While This User Try to LogIn email:(montaser.mohamed@gmail.com) Error: connect ECONNREFUSED 127.0.0.1:8080.
2023-08-30 20:48:17 error: @Method:(post) @Endpoint:(/login) @FunctionName:(Login): Error Occurred While This User Try to LogIn email:(montaser.mohamed@gmail.com) Error: connect ECONNREFUSED 127.0.0.1:8080.
2023-08-30 20:48:27 error: @Method:(post) @Endpoint:(/login) @FunctionName:(Login): Error Occurred While This User Try to LogIn email:(montaser.mohamed@gmail.com) Error: connect ECONNREFUSED 127.0.0.1:8080.
2023-08-30 20:58:00 error: @Method:(post) @Endpoint:(/login) @FunctionName:(Login): Error Occurred While This User Try to LogIn email:(montaser.mohamed@gmail.com) Error: connect ECONNREFUSED 127.0.0.1:8080.
2023-08-30 20:58:22 error: @Method:(post) @Endpoint:(/login) @FunctionName:(Login): Error Occurred While This User Try to LogIn email:(montaser.mohamed@gmail.com) Error: connect ECONNREFUSED 127.0.0.1:8080.
2023-08-30 21:10:27 error: @Method:(post) @Endpoint:(/login) @FunctionName:(Login): Error Occurred While This User Try to LogIn email:(montaser.mohamed@gmail.com) Error: Cannot read properties of undefined (reading 'isSuccess').
2023-08-30 21:10:53 error: @Method:(post) @Endpoint:(/login) @FunctionName:(Login): Error Occurred While This User Try to LogIn email:(montaser.mohamed@gmail.com) Error: Cannot read properties of undefined (reading 'isSuccess').
2023-08-30 21:10:54 error: @Method:(post) @Endpoint:(/login) @FunctionName:(Login): Error Occurred While This User Try to LogIn email:(montaser.mohamed@gmail.com) Error: Cannot read properties of undefined (reading 'isSuccess').
2023-08-30 21:10:54 error: @Method:(post) @Endpoint:(/login) @FunctionName:(Login): Error Occurred While This User Try to LogIn email:(montaser.mohamed@gmail.com) Error: Cannot read properties of undefined (reading 'isSuccess').
2023-08-30 21:10:55 error: @Method:(post) @Endpoint:(/login) @FunctionName:(Login): Error Occurred While This User Try to LogIn email:(montaser.mohamed@gmail.com) Error: Cannot read properties of undefined (reading 'isSuccess').
2023-08-30 21:14:22 error: @Method:(post) @Endpoint:(/login) @FunctionName:(Login): Error Occurred While This User Try to LogIn email:(montaser.mohamed@gmail.com) Error: Out of range value for column 'expire_date' at row 1.
2023-08-30 21:18:03 error: @Method:(post) @Endpoint:(/login) @FunctionName:(Login): Error Occurred While This User Try to LogIn email:(montaser.mohamed@gmail.com) Error: Out of range value for column 'expire_date' at row 1.
2023-08-30 21:18:34 error: @Method:(post) @Endpoint:(/login) @FunctionName:(Login): Error Occurred While This User Try to LogIn email:(montaser.mohamed@gmail.com) Error: Out of range value for column 'expire_date' at row 1.
2023-08-30 21:19:07 error: @Method:(post) @Endpoint:(/login) @FunctionName:(Login): Error Occurred While This User Try to LogIn email:(montaser.mohamed@gmail.com) Error: Out of range value for column 'expire_date' at row 1.
2023-08-30 21:20:09 error: @Method:(post) @Endpoint:(/login) @FunctionName:(Login): Error Occurred While This User Try to LogIn email:(montaser.mohamed@gmail.com) Error: Out of range value for column 'expire_date' at row 1.
2023-08-30 21:20:25 error: @Method:(post) @Endpoint:(/login) @FunctionName:(Login): Error Occurred While This User Try to LogIn email:(montaser.mohamed@gmail.com) Error: Out of range value for column 'expire_date' at row 1.
2023-08-30 21:20:39 error: @Method:(post) @Endpoint:(/login) @FunctionName:(Login): Error Occurred While This User Try to LogIn email:(montaser.mohamed@gmail.com) Error: Out of range value for column 'expire_date' at row 1.
2023-08-30 21:20:40 error: @Method:(post) @Endpoint:(/login) @FunctionName:(Login): Error Occurred While This User Try to LogIn email:(montaser.mohamed@gmail.com) Error: Out of range value for column 'expire_date' at row 1.
2023-08-30 21:20:47 error: @Method:(post) @Endpoint:(/login) @FunctionName:(Login): Error Occurred While This User Try to LogIn email:(montaser.mohamed@gmail.com) Error: Out of range value for column 'expire_date' at row 1.
2023-08-30 21:20:48 error: @Method:(post) @Endpoint:(/login) @FunctionName:(Login): Error Occurred While This User Try to LogIn email:(montaser.mohamed@gmail.com) Error: Out of range value for column 'expire_date' at row 1.
2023-08-30 21:20:48 error: @Method:(post) @Endpoint:(/login) @FunctionName:(Login): Error Occurred While This User Try to LogIn email:(montaser.mohamed@gmail.com) Error: Out of range value for column 'expire_date' at row 1.
2023-08-30 21:20:55 error: @Method:(post) @Endpoint:(/login) @FunctionName:(Login): Error Occurred While This User Try to LogIn email:(montaser.mohamed@gmail.com) Error: Out of range value for column 'expire_date' at row 1.
2023-08-30 21:20:56 error: @Method:(post) @Endpoint:(/login) @FunctionName:(Login): Error Occurred While This User Try to LogIn email:(montaser.mohamed@gmail.com) Error: Out of range value for column 'expire_date' at row 1.
2023-08-30 21:23:01 error: @Method:(post) @Endpoint:(/login) @FunctionName:(Login): Error Occurred While This User Try to LogIn email:(montaser.mohamed@gmail.com) Error: Out of range value for column 'expire_date' at row 1.
2023-08-30 21:23:02 error: @Method:(post) @Endpoint:(/login) @FunctionName:(Login): Error Occurred While This User Try to LogIn email:(montaser.mohamed@gmail.com) Error: Out of range value for column 'expire_date' at row 1.
2023-08-30 21:23:21 error: @Method:(post) @Endpoint:(/login) @FunctionName:(Login): Error Occurred While This User Try to LogIn email:(montaser.mohamed@gmail.com) Error: Out of range value for column 'expire_date' at row 1.
2023-08-30 21:23:21 error: @Method:(post) @Endpoint:(/login) @FunctionName:(Login): Error Occurred While This User Try to LogIn email:(montaser.mohamed@gmail.com) Error: Out of range value for column 'expire_date' at row 1.
2023-08-30 21:24:12 error: @Method:(post) @Endpoint:(/login) @FunctionName:(Login): Error Occurred While This User Try to LogIn email:(montaser.mohamed@gmail.com) Error: Out of range value for column 'expire_date' at row 1.
2023-08-30 21:24:12 error: @Method:(post) @Endpoint:(/login) @FunctionName:(Login): Error Occurred While This User Try to LogIn email:(montaser.mohamed@gmail.com) Error: Out of range value for column 'expire_date' at row 1.
2023-08-30 22:02:51 error: @Method:(post) @Endpoint:(/login) @FunctionName:(Login): In-valid Email Or Password.
2023-08-30 22:02:52 error: @Method:(post) @Endpoint:(/login) @FunctionName:(Login): In-valid Email Or Password.
2023-08-30 22:02:52 error: @Method:(post) @Endpoint:(/login) @FunctionName:(Login): Too many failed login attempts. Please try again after -28223703 minutes.
2023-08-30 22:02:53 error: @Method:(post) @Endpoint:(/login) @FunctionName:(Login): Too many failed login attempts. Please try again after -28223703 minutes.
2023-08-30 22:06:23 error: @Method:(post) @Endpoint:(/login) @FunctionName:(Login): Too many failed login attempts. Please try again after -28223707 minutes.
2023-08-30 22:06:27 error: @Method:(post) @Endpoint:(/login) @FunctionName:(Login): Too many failed login attempts. Please try again after -28223707 minutes.
2023-08-30 22:06:30 error: @Method:(post) @Endpoint:(/login) @FunctionName:(Login): Too many failed login attempts. Please try again after -28223707 minutes.
2023-08-30 22:07:56 error: @Method:(post) @Endpoint:(/login) @FunctionName:(Login): Too many failed login attempts. Please try again after -28223708 minutes.
2023-08-30 22:07:57 error: @Method:(post) @Endpoint:(/login) @FunctionName:(Login): Too many failed login attempts. Please try again after -28223708 minutes.
2023-08-30 22:08:57 error: @Method:(post) @Endpoint:(/login) @FunctionName:(Login): Too many failed login attempts. Please try again after -28223709 minutes.
2023-08-30 22:09:35 error: @Method:(post) @Endpoint:(/login) @FunctionName:(Login): Too many failed login attempts. Please try again after -28223657 minutes.
2023-08-30 22:09:35 error: @Method:(post) @Endpoint:(/login) @FunctionName:(Login): Too many failed login attempts. Please try again after -28223657 minutes.
2023-08-30 22:09:36 error: @Method:(post) @Endpoint:(/login) @FunctionName:(Login): Too many failed login attempts. Please try again after -28223657 minutes.
2023-08-30 22:09:50 error: @Method:(post) @Endpoint:(/login) @FunctionName:(Login): Too many failed login attempts. Please try again after -28223656 minutes.
2023-08-30 22:09:51 error: @Method:(post) @Endpoint:(/login) @FunctionName:(Login): Too many failed login attempts. Please try again after -28223656 minutes.
2023-08-30 22:09:51 error: @Method:(post) @Endpoint:(/login) @FunctionName:(Login): Too many failed login attempts. Please try again after -28223656 minutes.
2023-08-30 22:10:05 error: @Method:(post) @Endpoint:(/login) @FunctionName:(Login): Too many failed login attempts. Please try again after -28223710 minutes.
2023-08-30 22:10:05 error: @Method:(post) @Endpoint:(/login) @FunctionName:(Login): Too many failed login attempts. Please try again after -28223710 minutes.
2023-08-30 22:10:06 error: @Method:(post) @Endpoint:(/login) @FunctionName:(Login): Too many failed login attempts. Please try again after -28223710 minutes.
2023-08-30 22:10:06 error: @Method:(post) @Endpoint:(/login) @FunctionName:(Login): Too many failed login attempts. Please try again after -28223710 minutes.
2023-08-30 22:10:18 error: @Method:(post) @Endpoint:(/login) @FunctionName:(Login): Too many failed login attempts. Please try again after 53 minutes.
2023-08-30 22:59:23 error: @Method:(post) @Endpoint:(/login) @FunctionName:(Login): In-valid Email Or Password.
2023-08-30 22:59:25 error: @Method:(post) @Endpoint:(/login) @FunctionName:(Login): In-valid Email Or Password.
2023-08-30 22:59:31 error: @Method:(post) @Endpoint:(/login) @FunctionName:(Login): Error Occurred While This User Try to LogIn email:(ali.ahmed@gmail.com) Error: user.save is not a function.
2023-08-30 22:59:36 error: @Method:(post) @Endpoint:(/login) @FunctionName:(Login): Error Occurred While This User Try to LogIn email:(ali.ahmed@gmail.com) Error: user.save is not a function.
2023-08-30 23:00:09 error: @Method:(post) @Endpoint:(/login) @FunctionName:(Login): Error Occurred While This User Try to LogIn email:(ali.ahmed@gmail.com) Error: user.save is not a function.
2023-08-31 13:36:37 error: @Method:(post) @Endpoint:(/requestResetPassword) @FunctionName:(requestResetPassword): Error Occurred While This User Try to generate reset password link Error: No metadata for "TokenResetPasswordSQL" was found..
2023-08-31 13:36:37 error: @Method:(post) @Endpoint:(/requestResetPassword) @FunctionName:(requestResetPassword): error: Error: No metadata for "TokenResetPasswordSQL" was found.
2023-08-31 13:37:28 error: @Method:(post) @Endpoint:(/requestResetPassword) @FunctionName:(requestResetPassword): Error Occurred While This User Try to generate reset password link Error: No metadata for "TokenResetPasswordSQL" was found..
2023-08-31 13:37:28 error: @Method:(post) @Endpoint:(/requestResetPassword) @FunctionName:(requestResetPassword): error: Error: No metadata for "TokenResetPasswordSQL" was found.
2023-08-31 13:39:26 error: @Method:(post) @Endpoint:(/requestResetPassword) @FunctionName:(requestResetPassword): Error Occurred While This User Try to generate reset password link Error: Cannot read properties of undefined (reading 'joinColumns').
2023-08-31 13:39:26 error: @Method:(post) @Endpoint:(/requestResetPassword) @FunctionName:(requestResetPassword): error: Error: Cannot read properties of undefined (reading 'joinColumns')
2023-08-31 13:39:34 error: @Method:(post) @Endpoint:(/requestResetPassword) @FunctionName:(requestResetPassword): Error Occurred While This User Try to generate reset password link Error: Cannot read properties of undefined (reading 'joinColumns').
2023-08-31 13:39:34 error: @Method:(post) @Endpoint:(/requestResetPassword) @FunctionName:(requestResetPassword): error: Error: Cannot read properties of undefined (reading 'joinColumns')
2023-08-31 13:40:38 error: @Method:(post) @Endpoint:(/requestResetPassword) @FunctionName:(requestResetPassword): Error Occurred While This User Try to generate reset password link Error: Cannot read properties of undefined (reading 'joinColumns').
2023-08-31 13:40:38 error: @Method:(post) @Endpoint:(/requestResetPassword) @FunctionName:(requestResetPassword): error: Error: Cannot read properties of undefined (reading 'joinColumns')
2023-08-31 13:40:53 error: @Method:(post) @Endpoint:(/requestResetPassword) @FunctionName:(requestResetPassword): Error Occurred While This User Try to generate reset password link Error: Cannot read properties of undefined (reading 'joinColumns').
2023-08-31 13:40:53 error: @Method:(post) @Endpoint:(/requestResetPassword) @FunctionName:(requestResetPassword): error: Error: Cannot read properties of undefined (reading 'joinColumns')
2023-08-31 13:40:58 error: @Method:(post) @Endpoint:(/requestResetPassword) @FunctionName:(requestResetPassword): Error Occurred While This User Try to generate reset password link Error: Cannot read properties of undefined (reading 'joinColumns').
2023-08-31 13:40:58 error: @Method:(post) @Endpoint:(/requestResetPassword) @FunctionName:(requestResetPassword): error: Error: Cannot read properties of undefined (reading 'joinColumns')
2023-08-31 13:41:10 error: @Method:(post) @Endpoint:(/requestResetPassword) @FunctionName:(requestResetPassword): Error Occurred While This User Try to generate reset password link Error: Cannot read properties of undefined (reading 'joinColumns').
2023-08-31 13:41:10 error: @Method:(post) @Endpoint:(/requestResetPassword) @FunctionName:(requestResetPassword): error: Error: Cannot read properties of undefined (reading 'joinColumns')
2023-08-31 13:41:11 error: @Method:(post) @Endpoint:(/requestResetPassword) @FunctionName:(requestResetPassword): Error Occurred While This User Try to generate reset password link Error: Cannot read properties of undefined (reading 'joinColumns').
2023-08-31 13:41:11 error: @Method:(post) @Endpoint:(/requestResetPassword) @FunctionName:(requestResetPassword): error: Error: Cannot read properties of undefined (reading 'joinColumns')
2023-08-31 13:41:30 error: @Method:(post) @Endpoint:(/requestResetPassword) @FunctionName:(requestResetPassword): Error Occurred While This User Try to generate reset password link Error: Cannot read properties of undefined (reading 'joinColumns').
2023-08-31 13:41:30 error: @Method:(post) @Endpoint:(/requestResetPassword) @FunctionName:(requestResetPassword): error: Error: Cannot read properties of undefined (reading 'joinColumns')
2023-08-31 13:41:40 error: @Method:(post) @Endpoint:(/requestResetPassword) @FunctionName:(requestResetPassword): Error Occurred While This User Try to generate reset password link Error: Cannot read properties of undefined (reading 'joinColumns').
2023-08-31 13:41:40 error: @Method:(post) @Endpoint:(/requestResetPassword) @FunctionName:(requestResetPassword): error: Error: Cannot read properties of undefined (reading 'joinColumns')
2023-08-31 13:41:57 error: @Method:(post) @Endpoint:(/requestResetPassword) @FunctionName:(requestResetPassword): Error Occurred While This User Try to generate reset password link Error: Cannot read properties of undefined (reading 'joinColumns').
2023-08-31 13:41:57 error: @Method:(post) @Endpoint:(/requestResetPassword) @FunctionName:(requestResetPassword): error: Error: Cannot read properties of undefined (reading 'joinColumns')
2023-08-31 13:42:10 error: @Method:(post) @Endpoint:(/requestResetPassword) @FunctionName:(requestResetPassword): Error Occurred While This User Try to generate reset password link Error: Cannot read properties of undefined (reading 'joinColumns').
2023-08-31 13:42:10 error: @Method:(post) @Endpoint:(/requestResetPassword) @FunctionName:(requestResetPassword): error: Error: Cannot read properties of undefined (reading 'joinColumns')
2023-08-31 14:03:36 error:  This User id: (3) email: (montaser.hassan.fedis@gmail.com) an error occurred While a Sign up confirmation email was being sent.
2023-08-31 14:22:24 error: @Method:(post) @Endpoint:(/passwordReset) @FunctionName:(resetPassword): This User id: (3) Invalid or expired password reset token.
2023-08-31 14:26:51 error: @Method:(post) @Endpoint:(/passwordReset) @FunctionName:(resetPassword): This User id: (3) Invalid or expired password reset token.
2023-08-31 14:30:25 error: @Method:(post) @Endpoint:(/passwordReset) @FunctionName:(resetPassword): This User id: (3) Invalid or expired password reset token.
2023-08-31 14:32:11 error: @Method:(post) @Endpoint:(/passwordReset) @FunctionName:(resetPassword): This User id: (3) Invalid or expired password reset token.
2023-08-31 14:34:28 error: @Method:(post) @Endpoint:(/passwordReset) @FunctionName:(resetPassword): This User id: (3) Invalid or expired password reset token.
2023-08-31 14:41:24 error: @Method:(post) @Endpoint:(/passwordReset) @FunctionName:(resetPassword): This User id: (3) Invalid or expired password reset token.
2023-08-31 14:44:08 error: @Method:(post) @Endpoint:(/passwordReset) @FunctionName:(resetPassword): This User id: (3) Invalid or expired password reset token.
2023-08-31 14:45:11 error: @Method:(post) @Endpoint:(/passwordReset) @FunctionName:(resetPassword): This User id: (3) Invalid or expired password reset token.
2023-08-31 14:49:32 error: @Method:(post) @Endpoint:(/login) @FunctionName:(Login): In-valid Email Or Password.
2023-08-31 14:49:34 error: @Method:(post) @Endpoint:(/login) @FunctionName:(Login): In-valid Email Or Password.
2023-08-31 14:49:34 error: @Method:(post) @Endpoint:(/login) @FunctionName:(Login): Too many failed login attempts. Please try again after 60 minutes.
2023-08-31 15:20:13 error: @Method:(post) @Endpoint:(/login) @FunctionName:(Login): In-valid Email Or Password.
2023-08-31 15:20:14 error: @Method:(post) @Endpoint:(/login) @FunctionName:(Login): In-valid Email Or Password.
2023-08-31 15:20:15 error: @Method:(post) @Endpoint:(/login) @FunctionName:(Login): Too many failed login attempts. Please try again after 60 minutes.
2023-08-31 15:20:22 error: @Method:(post) @Endpoint:(/login) @FunctionName:(Login): Too many failed login attempts. Please try again after 60 minutes.
2023-08-31 15:20:24 error: @Method:(post) @Endpoint:(/login) @FunctionName:(Login): Too many failed login attempts. Please try again after 60 minutes.
2023-08-31 15:20:25 error: @Method:(post) @Endpoint:(/login) @FunctionName:(Login): Too many failed login attempts. Please try again after 60 minutes.
2023-08-31 15:20:25 error: @Method:(post) @Endpoint:(/login) @FunctionName:(Login): Too many failed login attempts. Please try again after 60 minutes.
2023-08-31 15:22:24 error: @Method:(post) @Endpoint:(/login) @FunctionName:(Login): Too many failed login attempts. Please try again after 58 minutes.
2023-08-31 15:22:53 error: @Method:(post) @Endpoint:(/login) @FunctionName:(Login): Too many failed login attempts. Please try again after 58 minutes.
2023-08-31 15:37:28 error: @Method:(post) @Endpoint:(/login) @FunctionName:(Login): Too many failed login attempts. Please try again after 43 minutes.
2023-08-31 15:37:46 error: @Method:(post) @Endpoint:(/login) @FunctionName:(Login): Error Occurred While This User Try to LogIn email:(ali.ahmed@gmail.com) Error: Cannot read properties of null (reading 'getTime').
2023-08-31 15:38:45 error: @Method:(post) @Endpoint:(/login) @FunctionName:(Login): Error Occurred While This User Try to LogIn email:(ali.ahmed@gmail.com) Error: Cannot read properties of null (reading 'getTime').
2023-08-31 15:39:32 error: @Method:(post) @Endpoint:(/login) @FunctionName:(Login): Error Occurred While This User Try to LogIn email:(montaser.mohamed@gmail.com) Error: Cannot read properties of null (reading 'getTime').
2023-08-31 15:39:33 error: @Method:(post) @Endpoint:(/login) @FunctionName:(Login): Error Occurred While This User Try to LogIn email:(montaser.mohamed@gmail.com) Error: Cannot read properties of null (reading 'getTime').
2023-08-31 15:39:34 error: @Method:(post) @Endpoint:(/login) @FunctionName:(Login): Error Occurred While This User Try to LogIn email:(montaser.mohamed@gmail.com) Error: Cannot read properties of null (reading 'getTime').
2023-08-31 15:41:49 error: @Method:(post) @Endpoint:(/login) @FunctionName:(Login): Error Occurred While This User Try to LogIn email:(montaser.mohamed@gmail.com) Error: Cannot read properties of null (reading 'getTime').
2023-08-31 15:42:04 error: @Method:(post) @Endpoint:(/login) @FunctionName:(Login): Error Occurred While This User Try to LogIn email:(montaser.mohamed@gmail.com) Error: Cannot read properties of null (reading 'getTime').
2023-08-31 15:43:15 error: @Method:(post) @Endpoint:(/login) @FunctionName:(Login): Error Occurred While This User Try to LogIn email:(montaser.mohamed@gmail.com) Error: Cannot read properties of null (reading 'getTime').
2023-08-31 15:44:19 error: @Method:(post) @Endpoint:(/login) @FunctionName:(Login): Error Occurred While This User Try to LogIn email:(montaser.mohamed@gmail.com) Error: Cannot read properties of null (reading 'getTime').
2023-08-31 15:44:54 error: @Method:(post) @Endpoint:(/login) @FunctionName:(Login): Error Occurred While This User Try to LogIn email:(montaser.mohamed@gmail.com) Error: Cannot read properties of null (reading 'getTime').
2023-08-31 15:45:17 error: @Method:(post) @Endpoint:(/login) @FunctionName:(Login): Error Occurred While This User Try to LogIn email:(montaser.mohamed@gmail.com) Error: Cannot read properties of null (reading 'getTime').
2023-08-31 15:45:40 error: @Method:(post) @Endpoint:(/login) @FunctionName:(Login): Error Occurred While This User Try to LogIn email:(montaser.mohamed@gmail.com) Error: Cannot read properties of null (reading 'getTime').
2023-08-31 15:47:40 error: @Method:(post) @Endpoint:(/login) @FunctionName:(Login): Error Occurred While This User Try to LogIn email:(montaser.mohamed@gmail.com) Error: Cannot read properties of null (reading 'getTime').
2023-08-31 15:47:57 error: @Method:(post) @Endpoint:(/login) @FunctionName:(Login): Error Occurred While This User Try to LogIn email:(montaser.mohamed@gmail.com) Error: Cannot read properties of null (reading 'getTime').
2023-08-31 15:49:42 error: @Method:(post) @Endpoint:(/login) @FunctionName:(Login): Error Occurred While This User Try to LogIn email:(montaser.mohamed@gmail.com) Error: Cannot read properties of null (reading 'getTime').
2023-08-31 15:49:42 error: @Method:(post) @Endpoint:(/login) @FunctionName:(Login): Error Occurred While This User Try to LogIn email:(montaser.mohamed@gmail.com) Error: Cannot read properties of null (reading 'getTime').
2023-08-31 15:55:04 error: @Method:(post) @Endpoint:(/login) @FunctionName:(Login): Error Occurred While This User Try to LogIn email:(montaser.mohamed@gmail.com) Error: Cannot read properties of null (reading 'getTime').
2023-08-31 15:59:41 error: @Method:(post) @Endpoint:(/login) @FunctionName:(Login): In-valid Email Or Password.
2023-08-31 15:59:42 error: @Method:(post) @Endpoint:(/login) @FunctionName:(Login): In-valid Email Or Password.
2023-08-31 15:59:42 error: @Method:(post) @Endpoint:(/login) @FunctionName:(Login): Too many failed login attempts. Please try again after 60 minutes.
2023-08-31 15:59:56 error: @Method:(post) @Endpoint:(/login) @FunctionName:(Login): Too many failed login attempts. Please try again after 60 minutes.
2023-08-31 16:00:59 error: @Method:(post) @Endpoint:(/login) @FunctionName:(Login): In-valid Email Or Password.
2023-08-31 16:21:00 error: @Method:(post) @Endpoint:(/login) @FunctionName:(Login): Please confirm your Email first.
2023-08-31 16:21:25 error: @Method:(post) @Endpoint:(/login) @FunctionName:(Login): Please confirm your Email first.
2023-08-31 17:50:50 error: @Method:(post) @Endpoint:(/login) @FunctionName:(Login): In-valid Email Or Password.
2023-08-31 17:50:51 error: @Method:(post) @Endpoint:(/login) @FunctionName:(Login): In-valid Email Or Password.
2023-08-31 17:50:52 error: @Method:(post) @Endpoint:(/login) @FunctionName:(Login): Too many failed login attempts. Please try again after 60 minutes.
2023-08-31 18:50:07 error: @Method:(get) @Endpoint:(/resendConfirmEmail/:userId) @FunctionName:(resendConfirmEmail): This User id: (1) You already confirmed Please proceed to login Page.
2023-08-31 18:50:15 error: @Method:(post) @Endpoint:(/login) @FunctionName:(Login): In-valid Email Or Password.
2023-09-03 15:19:43 error: @Method:(post) @Endpoint:(/login) @FunctionName:(Login): Please confirm your Email first.
2023-09-03 15:20:39 error: @Method:(post) @Endpoint:(/login) @FunctionName:(Login): Please confirm your Email first.
2023-09-03 15:22:08 error: @Method:(post) @Endpoint:(/login) @FunctionName:(Login): Please confirm your Email first.
2023-09-03 15:22:49 error: @Method:(post) @Endpoint:(/login) @FunctionName:(Login): Please confirm your Email first.
2023-09-03 18:33:06 error: @Method:(post) @Endpoint:(/login) @FunctionName:(Login): Please confirm your Email first.
2023-09-03 20:20:55 error:  This User id: (1) email: (monty@gmail.com) an error occurred While a Sign up confirmation email was being sent.
2023-09-03 20:31:35 error:  This User id: (undefined) email: (montii@gmail.com) an error occurred While a Sign up confirmation email was being sent.
2023-09-03 21:06:17 error:  This User id: (5) email: (montii@gmail.com) an error occurred While a Sign up confirmation email was being sent.
2023-09-03 21:06:37 error:  This User id: (7) email: (montiii@gmail.com) an error occurred While a Sign up confirmation email was being sent.
2023-09-03 22:26:17 error:  This User id: (undefined) email: (montiii@gmail.com) an error occurred While a Sign up confirmation email was being sent.
2023-09-04 14:03:57 error:  This User id: (1) email: (montaser@gmail.com) an error occurred While a Sign up confirmation email was being sent.
